0 info it worked if it ends with ok
1 verbose cli [ 'node',
1 verbose cli   '/usr/local/bin/npm',
1 verbose cli   'i',
1 verbose cli   '--save',
1 verbose cli   'norma-styleguide-copy' ]
2 info using npm@2.3.0
3 info using node@v0.10.36
4 verbose node symlink /usr/local/bin/node
5 warn package.json norma-bower@0.3.2 No description
6 warn package.json norma-meteor@0.3.12 No description
7 silly cache add args [ 'norma-styleguide-copy', null ]
8 verbose cache add spec norma-styleguide-copy
9 silly cache add parsed spec { raw: 'norma-styleguide-copy',
9 silly cache add   scope: null,
9 silly cache add   name: 'norma-styleguide-copy',
9 silly cache add   rawSpec: '',
9 silly cache add   spec: '*',
9 silly cache add   type: 'range' }
10 verbose addNamed norma-styleguide-copy@*
11 silly addNamed semver.valid null
12 silly addNamed semver.validRange *
13 silly addNameRange { name: 'norma-styleguide-copy', range: '*', hasData: false }
14 silly mapToRegistry name norma-styleguide-copy
15 silly mapToRegistry using default registry
16 silly mapToRegistry registry https://registry.npmjs.org/
17 silly mapToRegistry uri https://registry.npmjs.org/norma-styleguide-copy
18 verbose addNameRange registry:https://registry.npmjs.org/norma-styleguide-copy not in flight; fetching
19 verbose request uri https://registry.npmjs.org/norma-styleguide-copy
20 verbose request no auth needed
21 info attempt registry request try #1 at 18:29:24
22 verbose request id ef7108db644740ff
23 http request GET https://registry.npmjs.org/norma-styleguide-copy
24 http 404 https://registry.npmjs.org/norma-styleguide-copy
25 verbose headers { date: 'Mon, 30 Mar 2015 22:29:21 GMT',
25 verbose headers   server: 'CouchDB/1.5.0 (Erlang OTP/R16B03)',
25 verbose headers   'content-type': 'application/json',
25 verbose headers   'cache-control': 'max-age=0',
25 verbose headers   'content-length': '51',
25 verbose headers   'accept-ranges': 'bytes',
25 verbose headers   via: '1.1 varnish',
25 verbose headers   age: '0',
25 verbose headers   'x-served-by': 'cache-iad2147-IAD',
25 verbose headers   'x-cache': 'MISS',
25 verbose headers   'x-cache-hits': '0',
25 verbose headers   'x-timer': 'S1427754561.715546,VS0,VE16',
25 verbose headers   'keep-alive': 'timeout=10, max=50',
25 verbose headers   connection: 'Keep-Alive' }
26 silly get cb [ 404,
26 silly get   { date: 'Mon, 30 Mar 2015 22:29:21 GMT',
26 silly get     server: 'CouchDB/1.5.0 (Erlang OTP/R16B03)',
26 silly get     'content-type': 'application/json',
26 silly get     'cache-control': 'max-age=0',
26 silly get     'content-length': '51',
26 silly get     'accept-ranges': 'bytes',
26 silly get     via: '1.1 varnish',
26 silly get     age: '0',
26 silly get     'x-served-by': 'cache-iad2147-IAD',
26 silly get     'x-cache': 'MISS',
26 silly get     'x-cache-hits': '0',
26 silly get     'x-timer': 'S1427754561.715546,VS0,VE16',
26 silly get     'keep-alive': 'timeout=10, max=50',
26 silly get     connection: 'Keep-Alive' } ]
27 verbose stack Error: 404 Not Found: norma-styleguide-copy
27 verbose stack     at CachingRegistryClient.<anonymous> (/usr/local/lib/node_modules/npm/node_modules/npm-registry-client/lib/request.js:251:14)
27 verbose stack     at Request._callback (/usr/local/lib/node_modules/npm/node_modules/npm-registry-client/lib/request.js:178:14)
27 verbose stack     at Request.self.callback (/usr/local/lib/node_modules/npm/node_modules/request/request.js:373:22)
27 verbose stack     at Request.emit (events.js:98:17)
27 verbose stack     at Request.<anonymous> (/usr/local/lib/node_modules/npm/node_modules/request/request.js:1318:14)
27 verbose stack     at Request.emit (events.js:117:20)
27 verbose stack     at IncomingMessage.<anonymous> (/usr/local/lib/node_modules/npm/node_modules/request/request.js:1266:12)
27 verbose stack     at IncomingMessage.emit (events.js:117:20)
27 verbose stack     at _stream_readable.js:944:16
27 verbose stack     at process._tickCallback (node.js:442:13)
28 verbose statusCode 404
29 verbose pkgid norma-styleguide-copy
30 verbose cwd /Users/james.baxley/Products/holtzmann/framework
31 error Darwin 13.4.0
32 error argv "node" "/usr/local/bin/npm" "i" "--save" "norma-styleguide-copy"
33 error node v0.10.36
34 error npm  v2.3.0
35 error code E404
36 error 404 Not Found: norma-styleguide-copy
36 error 404
36 error 404 'norma-styleguide-copy' is not in the npm registry.
36 error 404 You should bug the author to publish it (or use the name yourself!)
36 error 404 It was specified as a dependency of 'junction-framework'
36 error 404
36 error 404 Note that you can also install from a
36 error 404 tarball, folder, http url, or git url.
37 verbose exit [ 1, true ]
